<?xml version="1.0" encoding="UTF-8"?>
<testng-results ignored="0" total="12" passed="12" failed="0" skipped="0">
  <reporter-output>
    <line>
      <![CDATA[Page load time: 2903 milliseconds]]>
    </line>
    <line>
      <![CDATA[Reached Flipkart Home page with chrome driver]]>
    </line>
    <line>
      <![CDATA[Home title matched]]>
    </line>
    <line>
      <![CDATA[Pop-up has appeared, and it has been closed]]>
    </line>
    <line>
      <![CDATA[Clicking on Mobiles link]]>
    </line>
    <line>
      <![CDATA[Reached mobiles Page]]>
    </line>
    <line>
      <![CDATA[Sending Keys "iPhone 13"]]>
    </line>
    <line>
      <![CDATA[Clicking on search option]]>
    </line>
    <line>
      <![CDATA[Reached iPhone 13 Page]]>
    </line>
    <line>
      <![CDATA[Testing scroll feature]]>
    </line>
    <line>
      <![CDATA[Successfully navigated to the bottom of the page.]]>
    </line>
    <line>
      <![CDATA[Checking image visibility...]]>
    </line>
    <line>
      <![CDATA[Verify the frequency of content refresh while scrolling]]>
    </line>
    <line>
      <![CDATA[Executing the JavaScript code...]]>
    </line>
    <line>
      <![CDATA[Checking if images are visible on the screen...]]>
    </line>
    <line>
      <![CDATA[Verifying that the image is downloaded just before the user scrolls to its
position and gets displayed in time...]]>
    </line>
    <line>
      <![CDATA[Time taken to display image: 20 milliseconds.]]>
    </line>
    <line>
      <![CDATA[Image is visible within the screen height.]]>
    </line>
    <line>
      <![CDATA[Time taken to load image: 15 milliseconds.]]>
    </line>
    <line>
      <![CDATA[Image is not visible within the screen height.]]>
    </line>
    <line>
      <![CDATA[Time taken to load image: 15 milliseconds.]]>
    </line>
    <line>
      <![CDATA[Image is not visible within the screen height.]]>
    </line>
    <line>
      <![CDATA[Time taken to load image: 14 milliseconds.]]>
    </line>
    <line>
      <![CDATA[Image is not visible within the screen height.]]>
    </line>
    <line>
      <![CDATA[Time taken to load image: 12 milliseconds.]]>
    </line>
    <line>
      <![CDATA[Image is not visible within the screen height.]]>
    </line>
    <line>
      <![CDATA[Time taken to load image: 16 milliseconds.]]>
    </line>
    <line>
      <![CDATA[Image is not visible within the screen height.]]>
    </line>
    <line>
      <![CDATA[Time taken to load image: 15 milliseconds.]]>
    </line>
    <line>
      <![CDATA[Image is not visible within the screen height.]]>
    </line>
    <line>
      <![CDATA[Time taken to load image: 14 milliseconds.]]>
    </line>
    <line>
      <![CDATA[Image is not visible within the screen height.]]>
    </line>
    <line>
      <![CDATA[Time taken to load image: 12 milliseconds.]]>
    </line>
    <line>
      <![CDATA[Image is not visible within the screen height.]]>
    </line>
    <line>
      <![CDATA[Time taken to load image: 12 milliseconds.]]>
    </line>
    <line>
      <![CDATA[Image is not visible within the screen height.]]>
    </line>
    <line>
      <![CDATA[Time taken to load image: 12 milliseconds.]]>
    </line>
    <line>
      <![CDATA[Image is not visible within the screen height.]]>
    </line>
    <line>
      <![CDATA[Time taken to load image: 12 milliseconds.]]>
    </line>
    <line>
      <![CDATA[Image is not visible within the screen height.]]>
    </line>
    <line>
      <![CDATA[Time taken to load image: 12 milliseconds.]]>
    </line>
    <line>
      <![CDATA[Image is not visible within the screen height.]]>
    </line>
    <line>
      <![CDATA[Time taken to load image: 11 milliseconds.]]>
    </line>
    <line>
      <![CDATA[Image is not visible within the screen height.]]>
    </line>
    <line>
      <![CDATA[Time taken to load image: 12 milliseconds.]]>
    </line>
    <line>
      <![CDATA[Image is not visible within the screen height.]]>
    </line>
    <line>
      <![CDATA[Time taken to load image: 12 milliseconds.]]>
    </line>
    <line>
      <![CDATA[Image is not visible within the screen height.]]>
    </line>
    <line>
      <![CDATA[Time taken to load image: 11 milliseconds.]]>
    </line>
    <line>
      <![CDATA[Image is not visible within the screen height.]]>
    </line>
    <line>
      <![CDATA[Time taken to load image: 13 milliseconds.]]>
    </line>
    <line>
      <![CDATA[Image is not visible within the screen height.]]>
    </line>
    <line>
      <![CDATA[Time taken to load image: 11 milliseconds.]]>
    </line>
    <line>
      <![CDATA[Image is not visible within the screen height.]]>
    </line>
    <line>
      <![CDATA[Time taken to load image: 11 milliseconds.]]>
    </line>
    <line>
      <![CDATA[Image is not visible within the screen height.]]>
    </line>
    <line>
      <![CDATA[Time taken to load image: 13 milliseconds.]]>
    </line>
    <line>
      <![CDATA[Image is not visible within the screen height.]]>
    </line>
    <line>
      <![CDATA[Time taken to load image: 11 milliseconds.]]>
    </line>
    <line>
      <![CDATA[Image is not visible within the screen height.]]>
    </line>
    <line>
      <![CDATA[Time taken to load image: 14 milliseconds.]]>
    </line>
    <line>
      <![CDATA[Image is not visible within the screen height.]]>
    </line>
    <line>
      <![CDATA[Time taken to load image: 13 milliseconds.]]>
    </line>
    <line>
      <![CDATA[Image is not visible within the screen height.]]>
    </line>
    <line>
      <![CDATA[Time taken to load image: 13 milliseconds.]]>
    </line>
    <line>
      <![CDATA[Image is not visible within the screen height.]]>
    </line>
    <line>
      <![CDATA[Time taken to load image: 12 milliseconds.]]>
    </line>
    <line>
      <![CDATA[Image is not visible within the screen height.]]>
    </line>
    <line>
      <![CDATA[Time taken to load image: 11 milliseconds.]]>
    </line>
    <line>
      <![CDATA[Image is not visible within the screen height.]]>
    </line>
    <line>
      <![CDATA[Page load time: 2073 milliseconds]]>
    </line>
    <line>
      <![CDATA[Reached Flipkart Home page with edge driver]]>
    </line>
    <line>
      <![CDATA[Home title matched]]>
    </line>
    <line>
      <![CDATA[Pop-up has appeared, and it has been closed]]>
    </line>
    <line>
      <![CDATA[Clicking on Mobiles link]]>
    </line>
    <line>
      <![CDATA[Reached mobiles Page]]>
    </line>
    <line>
      <![CDATA[Sending Keys "iPhone 13"]]>
    </line>
    <line>
      <![CDATA[Clicking on search option]]>
    </line>
    <line>
      <![CDATA[Reached iPhone 13 Page]]>
    </line>
    <line>
      <![CDATA[Testing scroll feature]]>
    </line>
    <line>
      <![CDATA[Successfully navigated to the bottom of the page.]]>
    </line>
    <line>
      <![CDATA[Checking image visibility...]]>
    </line>
    <line>
      <![CDATA[Verify the frequency of content refresh while scrolling]]>
    </line>
    <line>
      <![CDATA[Executing the JavaScript code...]]>
    </line>
    <line>
      <![CDATA[Checking if images are visible on the screen...]]>
    </line>
    <line>
      <![CDATA[Verifying that the image is downloaded just before the user scrolls to its
position and gets displayed in time...]]>
    </line>
    <line>
      <![CDATA[Time taken to display image: 17 milliseconds.]]>
    </line>
    <line>
      <![CDATA[Image is visible within the screen height.]]>
    </line>
    <line>
      <![CDATA[Time taken to load image: 11 milliseconds.]]>
    </line>
    <line>
      <![CDATA[Image is not visible within the screen height.]]>
    </line>
    <line>
      <![CDATA[Time taken to load image: 12 milliseconds.]]>
    </line>
    <line>
      <![CDATA[Image is not visible within the screen height.]]>
    </line>
    <line>
      <![CDATA[Time taken to load image: 13 milliseconds.]]>
    </line>
    <line>
      <![CDATA[Image is not visible within the screen height.]]>
    </line>
    <line>
      <![CDATA[Time taken to load image: 11 milliseconds.]]>
    </line>
    <line>
      <![CDATA[Image is not visible within the screen height.]]>
    </line>
    <line>
      <![CDATA[Time taken to load image: 12 milliseconds.]]>
    </line>
    <line>
      <![CDATA[Image is not visible within the screen height.]]>
    </line>
    <line>
      <![CDATA[Time taken to load image: 13 milliseconds.]]>
    </line>
    <line>
      <![CDATA[Image is not visible within the screen height.]]>
    </line>
    <line>
      <![CDATA[Time taken to load image: 10 milliseconds.]]>
    </line>
    <line>
      <![CDATA[Image is not visible within the screen height.]]>
    </line>
    <line>
      <![CDATA[Time taken to load image: 15 milliseconds.]]>
    </line>
    <line>
      <![CDATA[Image is not visible within the screen height.]]>
    </line>
    <line>
      <![CDATA[Time taken to load image: 11 milliseconds.]]>
    </line>
    <line>
      <![CDATA[Image is not visible within the screen height.]]>
    </line>
    <line>
      <![CDATA[Time taken to load image: 9 milliseconds.]]>
    </line>
    <line>
      <![CDATA[Image is not visible within the screen height.]]>
    </line>
    <line>
      <![CDATA[Time taken to load image: 13 milliseconds.]]>
    </line>
    <line>
      <![CDATA[Image is not visible within the screen height.]]>
    </line>
    <line>
      <![CDATA[Time taken to load image: 13 milliseconds.]]>
    </line>
    <line>
      <![CDATA[Image is not visible within the screen height.]]>
    </line>
    <line>
      <![CDATA[Time taken to load image: 10 milliseconds.]]>
    </line>
    <line>
      <![CDATA[Image is not visible within the screen height.]]>
    </line>
    <line>
      <![CDATA[Time taken to load image: 10 milliseconds.]]>
    </line>
    <line>
      <![CDATA[Image is not visible within the screen height.]]>
    </line>
    <line>
      <![CDATA[Time taken to load image: 10 milliseconds.]]>
    </line>
    <line>
      <![CDATA[Image is not visible within the screen height.]]>
    </line>
    <line>
      <![CDATA[Time taken to load image: 12 milliseconds.]]>
    </line>
    <line>
      <![CDATA[Image is not visible within the screen height.]]>
    </line>
    <line>
      <![CDATA[Time taken to load image: 11 milliseconds.]]>
    </line>
    <line>
      <![CDATA[Image is not visible within the screen height.]]>
    </line>
    <line>
      <![CDATA[Time taken to load image: 10 milliseconds.]]>
    </line>
    <line>
      <![CDATA[Image is not visible within the screen height.]]>
    </line>
    <line>
      <![CDATA[Time taken to load image: 11 milliseconds.]]>
    </line>
    <line>
      <![CDATA[Image is not visible within the screen height.]]>
    </line>
    <line>
      <![CDATA[Time taken to load image: 10 milliseconds.]]>
    </line>
    <line>
      <![CDATA[Image is not visible within the screen height.]]>
    </line>
    <line>
      <![CDATA[Time taken to load image: 12 milliseconds.]]>
    </line>
    <line>
      <![CDATA[Image is not visible within the screen height.]]>
    </line>
    <line>
      <![CDATA[Time taken to load image: 10 milliseconds.]]>
    </line>
    <line>
      <![CDATA[Image is not visible within the screen height.]]>
    </line>
    <line>
      <![CDATA[Time taken to load image: 10 milliseconds.]]>
    </line>
    <line>
      <![CDATA[Image is not visible within the screen height.]]>
    </line>
    <line>
      <![CDATA[Time taken to load image: 10 milliseconds.]]>
    </line>
    <line>
      <![CDATA[Image is not visible within the screen height.]]>
    </line>
    <line>
      <![CDATA[Time taken to load image: 10 milliseconds.]]>
    </line>
    <line>
      <![CDATA[Image is not visible within the screen height.]]>
    </line>
    <line>
      <![CDATA[Time taken to load image: 11 milliseconds.]]>
    </line>
    <line>
      <![CDATA[Image is not visible within the screen height.]]>
    </line>
    <line>
      <![CDATA[Page load time: 2546 milliseconds]]>
    </line>
    <line>
      <![CDATA[Reached Flipkart Home page with gecko driver]]>
    </line>
    <line>
      <![CDATA[Home title matched]]>
    </line>
    <line>
      <![CDATA[Pop-up has not appeared.]]>
    </line>
    <line>
      <![CDATA[Clicking on Mobiles link]]>
    </line>
    <line>
      <![CDATA[Reached mobiles Page]]>
    </line>
    <line>
      <![CDATA[Sending Keys "iPhone 13"]]>
    </line>
    <line>
      <![CDATA[Clicking on search option]]>
    </line>
    <line>
      <![CDATA[Reached iPhone 13 Page]]>
    </line>
    <line>
      <![CDATA[Testing scroll feature]]>
    </line>
    <line>
      <![CDATA[Successfully navigated to the bottom of the page.]]>
    </line>
    <line>
      <![CDATA[Checking image visibility...]]>
    </line>
    <line>
      <![CDATA[Verify the frequency of content refresh while scrolling]]>
    </line>
    <line>
      <![CDATA[Executing the JavaScript code...]]>
    </line>
    <line>
      <![CDATA[Checking if images are visible on the screen...]]>
    </line>
    <line>
      <![CDATA[Verifying that the image is downloaded just before the user scrolls to its
position and gets displayed in time...]]>
    </line>
    <line>
      <![CDATA[Time taken to display image: 4 milliseconds.]]>
    </line>
    <line>
      <![CDATA[Image is visible within the screen height.]]>
    </line>
    <line>
      <![CDATA[Time taken to display image: 6 milliseconds.]]>
    </line>
    <line>
      <![CDATA[Image is visible within the screen height.]]>
    </line>
    <line>
      <![CDATA[Time taken to load image: 3 milliseconds.]]>
    </line>
    <line>
      <![CDATA[Image is not visible within the screen height.]]>
    </line>
    <line>
      <![CDATA[Time taken to load image: 4 milliseconds.]]>
    </line>
    <line>
      <![CDATA[Image is not visible within the screen height.]]>
    </line>
    <line>
      <![CDATA[Time taken to load image: 5 milliseconds.]]>
    </line>
    <line>
      <![CDATA[Image is not visible within the screen height.]]>
    </line>
    <line>
      <![CDATA[Time taken to load image: 3 milliseconds.]]>
    </line>
    <line>
      <![CDATA[Image is not visible within the screen height.]]>
    </line>
    <line>
      <![CDATA[Time taken to load image: 3 milliseconds.]]>
    </line>
    <line>
      <![CDATA[Image is not visible within the screen height.]]>
    </line>
    <line>
      <![CDATA[Time taken to load image: 6 milliseconds.]]>
    </line>
    <line>
      <![CDATA[Image is not visible within the screen height.]]>
    </line>
    <line>
      <![CDATA[Time taken to load image: 3 milliseconds.]]>
    </line>
    <line>
      <![CDATA[Image is not visible within the screen height.]]>
    </line>
    <line>
      <![CDATA[Time taken to load image: 3 milliseconds.]]>
    </line>
    <line>
      <![CDATA[Image is not visible within the screen height.]]>
    </line>
    <line>
      <![CDATA[Time taken to load image: 5 milliseconds.]]>
    </line>
    <line>
      <![CDATA[Image is not visible within the screen height.]]>
    </line>
    <line>
      <![CDATA[Time taken to load image: 3 milliseconds.]]>
    </line>
    <line>
      <![CDATA[Image is not visible within the screen height.]]>
    </line>
    <line>
      <![CDATA[Time taken to load image: 5 milliseconds.]]>
    </line>
    <line>
      <![CDATA[Image is not visible within the screen height.]]>
    </line>
    <line>
      <![CDATA[Time taken to load image: 3 milliseconds.]]>
    </line>
    <line>
      <![CDATA[Image is not visible within the screen height.]]>
    </line>
    <line>
      <![CDATA[Time taken to load image: 3 milliseconds.]]>
    </line>
    <line>
      <![CDATA[Image is not visible within the screen height.]]>
    </line>
    <line>
      <![CDATA[Time taken to load image: 5 milliseconds.]]>
    </line>
    <line>
      <![CDATA[Image is not visible within the screen height.]]>
    </line>
    <line>
      <![CDATA[Time taken to load image: 3 milliseconds.]]>
    </line>
    <line>
      <![CDATA[Image is not visible within the screen height.]]>
    </line>
    <line>
      <![CDATA[Time taken to load image: 3 milliseconds.]]>
    </line>
    <line>
      <![CDATA[Image is not visible within the screen height.]]>
    </line>
    <line>
      <![CDATA[Time taken to load image: 4 milliseconds.]]>
    </line>
    <line>
      <![CDATA[Image is not visible within the screen height.]]>
    </line>
    <line>
      <![CDATA[Time taken to load image: 4 milliseconds.]]>
    </line>
    <line>
      <![CDATA[Image is not visible within the screen height.]]>
    </line>
    <line>
      <![CDATA[Time taken to load image: 3 milliseconds.]]>
    </line>
    <line>
      <![CDATA[Image is not visible within the screen height.]]>
    </line>
    <line>
      <![CDATA[Time taken to load image: 2 milliseconds.]]>
    </line>
    <line>
      <![CDATA[Image is not visible within the screen height.]]>
    </line>
    <line>
      <![CDATA[Time taken to load image: 2 milliseconds.]]>
    </line>
    <line>
      <![CDATA[Image is not visible within the screen height.]]>
    </line>
    <line>
      <![CDATA[Time taken to load image: 2 milliseconds.]]>
    </line>
    <line>
      <![CDATA[Image is not visible within the screen height.]]>
    </line>
  </reporter-output>
  <suite started-at="2023-08-01T12:00:53 IST" name="Automating-Ecommerce-Website" finished-at="2023-08-01T12:01:49 IST" duration-ms="56422">
    <groups>
    </groups>
    <test started-at="2023-08-01T12:00:53 IST" name="Testing on Chrome Browser" finished-at="2023-08-01T12:01:08 IST" duration-ms="14771">
      <class name="com.example.EcommerceAutomationTest">
        <test-method is-config="true" signature="setup(java.lang.String,java.lang.String)[pri:0, instance:com.example.EcommerceAutomationTest@4659191b]" started-at="2023-08-01T12:00:53 IST" name="setup" finished-at="2023-08-01T12:00:56 IST" duration-ms="2622" status="PASS">
          <params>
            <param index="0">
              <value>
                <![CDATA[chrome]]>
              </value>
            </param>
            <param index="1">
              <value>
                <![CDATA[F:\\SELENIUM\\Drivers\chromedriver.exe]]>
              </value>
            </param>
          </params>
          <reporter-output>
          </reporter-output>
        </test-method> <!-- setup -->
        <test-method signature="HomePageTest(java.lang.String,java.lang.String,java.lang.String)[pri:1, instance:com.example.EcommerceAutomationTest@4659191b]" started-at="2023-08-01T12:00:56 IST" name="HomePageTest" finished-at="2023-08-01T12:00:59 IST" duration-ms="3665" status="PASS">
          <params>
            <param index="0">
              <value>
                <![CDATA[https://www.flipkart.com]]>
              </value>
            </param>
            <param index="1">
              <value>
                <![CDATA[chrome]]>
              </value>
            </param>
            <param index="2">
              <value>
                <![CDATA[E:\\STS_WORKSPACE\\Automating-Ecommerce-Website\\screenshots\\]]>
              </value>
            </param>
          </params>
          <reporter-output>
            <line>
              <![CDATA[Page load time: 2903 milliseconds]]>
            </line>
            <line>
              <![CDATA[Reached Flipkart Home page with chrome driver]]>
            </line>
            <line>
              <![CDATA[Home title matched]]>
            </line>
            <line>
              <![CDATA[Pop-up has appeared, and it has been closed]]>
            </line>
          </reporter-output>
        </test-method> <!-- HomePageTest -->
        <test-method signature="MobileSearchTest(java.lang.String,java.lang.String)[pri:2, instance:com.example.EcommerceAutomationTest@4659191b]" started-at="2023-08-01T12:00:59 IST" name="MobileSearchTest" finished-at="2023-08-01T12:01:00 IST" duration-ms="880" status="PASS">
          <params>
            <param index="0">
              <value>
                <![CDATA[chrome]]>
              </value>
            </param>
            <param index="1">
              <value>
                <![CDATA[E:\\STS_WORKSPACE\\Automating-Ecommerce-Website\\screenshots\\]]>
              </value>
            </param>
          </params>
          <reporter-output>
            <line>
              <![CDATA[Clicking on Mobiles link]]>
            </line>
            <line>
              <![CDATA[Reached mobiles Page]]>
            </line>
            <line>
              <![CDATA[Sending Keys "iPhone 13"]]>
            </line>
            <line>
              <![CDATA[Clicking on search option]]>
            </line>
          </reporter-output>
        </test-method> <!-- MobileSearchTest -->
        <test-method signature="ScrollFeatureTest(java.lang.String,java.lang.String)[pri:3, instance:com.example.EcommerceAutomationTest@4659191b]" started-at="2023-08-01T12:01:00 IST" name="ScrollFeatureTest" finished-at="2023-08-01T12:01:05 IST" duration-ms="4333" status="PASS">
          <params>
            <param index="0">
              <value>
                <![CDATA[chrome]]>
              </value>
            </param>
            <param index="1">
              <value>
                <![CDATA[E:\\STS_WORKSPACE\\Automating-Ecommerce-Website\\screenshots\\]]>
              </value>
            </param>
          </params>
          <reporter-output>
            <line>
              <![CDATA[Reached iPhone 13 Page]]>
            </line>
            <line>
              <![CDATA[Testing scroll feature]]>
            </line>
            <line>
              <![CDATA[Successfully navigated to the bottom of the page.]]>
            </line>
          </reporter-output>
        </test-method> <!-- ScrollFeatureTest -->
        <test-method signature="ImageVisibilityTest(java.lang.String,java.lang.String)[pri:4, instance:com.example.EcommerceAutomationTest@4659191b]" started-at="2023-08-01T12:01:05 IST" name="ImageVisibilityTest" finished-at="2023-08-01T12:01:08 IST" duration-ms="3011" status="PASS">
          <params>
            <param index="0">
              <value>
                <![CDATA[chrome]]>
              </value>
            </param>
            <param index="1">
              <value>
                <![CDATA[E:\\STS_WORKSPACE\\Automating-Ecommerce-Website\\screenshots\\]]>
              </value>
            </param>
          </params>
          <reporter-output>
            <line>
              <![CDATA[Checking image visibility...]]>
            </line>
            <line>
              <![CDATA[Verify the frequency of content refresh while scrolling]]>
            </line>
            <line>
              <![CDATA[Executing the JavaScript code...]]>
            </line>
            <line>
              <![CDATA[Checking if images are visible on the screen...]]>
            </line>
            <line>
              <![CDATA[Verifying that the image is downloaded just before the user scrolls to its
position and gets displayed in time...]]>
            </line>
            <line>
              <![CDATA[Time taken to display image: 20 milliseconds.]]>
            </line>
            <line>
              <![CDATA[Image is visible within the screen height.]]>
            </line>
            <line>
              <![CDATA[Time taken to load image: 15 milliseconds.]]>
            </line>
            <line>
              <![CDATA[Image is not visible within the screen height.]]>
            </line>
            <line>
              <![CDATA[Time taken to load image: 15 milliseconds.]]>
            </line>
            <line>
              <![CDATA[Image is not visible within the screen height.]]>
            </line>
            <line>
              <![CDATA[Time taken to load image: 14 milliseconds.]]>
            </line>
            <line>
              <![CDATA[Image is not visible within the screen height.]]>
            </line>
            <line>
              <![CDATA[Time taken to load image: 12 milliseconds.]]>
            </line>
            <line>
              <![CDATA[Image is not visible within the screen height.]]>
            </line>
            <line>
              <![CDATA[Time taken to load image: 16 milliseconds.]]>
            </line>
            <line>
              <![CDATA[Image is not visible within the screen height.]]>
            </line>
            <line>
              <![CDATA[Time taken to load image: 15 milliseconds.]]>
            </line>
            <line>
              <![CDATA[Image is not visible within the screen height.]]>
            </line>
            <line>
              <![CDATA[Time taken to load image: 14 milliseconds.]]>
            </line>
            <line>
              <![CDATA[Image is not visible within the screen height.]]>
            </line>
            <line>
              <![CDATA[Time taken to load image: 12 milliseconds.]]>
            </line>
            <line>
              <![CDATA[Image is not visible within the screen height.]]>
            </line>
            <line>
              <![CDATA[Time taken to load image: 12 milliseconds.]]>
            </line>
            <line>
              <![CDATA[Image is not visible within the screen height.]]>
            </line>
            <line>
              <![CDATA[Time taken to load image: 12 milliseconds.]]>
            </line>
            <line>
              <![CDATA[Image is not visible within the screen height.]]>
            </line>
            <line>
              <![CDATA[Time taken to load image: 12 milliseconds.]]>
            </line>
            <line>
              <![CDATA[Image is not visible within the screen height.]]>
            </line>
            <line>
              <![CDATA[Time taken to load image: 12 milliseconds.]]>
            </line>
            <line>
              <![CDATA[Image is not visible within the screen height.]]>
            </line>
            <line>
              <![CDATA[Time taken to load image: 11 milliseconds.]]>
            </line>
            <line>
              <![CDATA[Image is not visible within the screen height.]]>
            </line>
            <line>
              <![CDATA[Time taken to load image: 12 milliseconds.]]>
            </line>
            <line>
              <![CDATA[Image is not visible within the screen height.]]>
            </line>
            <line>
              <![CDATA[Time taken to load image: 12 milliseconds.]]>
            </line>
            <line>
              <![CDATA[Image is not visible within the screen height.]]>
            </line>
            <line>
              <![CDATA[Time taken to load image: 11 milliseconds.]]>
            </line>
            <line>
              <![CDATA[Image is not visible within the screen height.]]>
            </line>
            <line>
              <![CDATA[Time taken to load image: 13 milliseconds.]]>
            </line>
            <line>
              <![CDATA[Image is not visible within the screen height.]]>
            </line>
            <line>
              <![CDATA[Time taken to load image: 11 milliseconds.]]>
            </line>
            <line>
              <![CDATA[Image is not visible within the screen height.]]>
            </line>
            <line>
              <![CDATA[Time taken to load image: 11 milliseconds.]]>
            </line>
            <line>
              <![CDATA[Image is not visible within the screen height.]]>
            </line>
            <line>
              <![CDATA[Time taken to load image: 13 milliseconds.]]>
            </line>
            <line>
              <![CDATA[Image is not visible within the screen height.]]>
            </line>
            <line>
              <![CDATA[Time taken to load image: 11 milliseconds.]]>
            </line>
            <line>
              <![CDATA[Image is not visible within the screen height.]]>
            </line>
            <line>
              <![CDATA[Time taken to load image: 14 milliseconds.]]>
            </line>
            <line>
              <![CDATA[Image is not visible within the screen height.]]>
            </line>
            <line>
              <![CDATA[Time taken to load image: 13 milliseconds.]]>
            </line>
            <line>
              <![CDATA[Image is not visible within the screen height.]]>
            </line>
            <line>
              <![CDATA[Time taken to load image: 13 milliseconds.]]>
            </line>
            <line>
              <![CDATA[Image is not visible within the screen height.]]>
            </line>
            <line>
              <![CDATA[Time taken to load image: 12 milliseconds.]]>
            </line>
            <line>
              <![CDATA[Image is not visible within the screen height.]]>
            </line>
            <line>
              <![CDATA[Time taken to load image: 11 milliseconds.]]>
            </line>
            <line>
              <![CDATA[Image is not visible within the screen height.]]>
            </line>
          </reporter-output>
        </test-method> <!-- ImageVisibilityTest -->
        <test-method is-config="true" signature="tearDown()[pri:0, instance:com.example.EcommerceAutomationTest@4659191b]" started-at="2023-08-01T12:01:08 IST" name="tearDown" finished-at="2023-08-01T12:01:08 IST" duration-ms="193" status="PASS">
          <reporter-output>
          </reporter-output>
        </test-method> <!-- tearDown -->
      </class> <!-- com.example.EcommerceAutomationTest -->
    </test> <!-- Testing on Chrome Browser -->
    <test started-at="2023-08-01T12:01:08 IST" name="Testing on Edge Browser" finished-at="2023-08-01T12:01:22 IST" duration-ms="14491">
      <class name="com.example.EcommerceAutomationTest">
        <test-method is-config="true" signature="setup(java.lang.String,java.lang.String)[pri:0, instance:com.example.EcommerceAutomationTest@3c77d488]" started-at="2023-08-01T12:01:08 IST" name="setup" finished-at="2023-08-01T12:01:11 IST" duration-ms="2722" status="PASS">
          <params>
            <param index="0">
              <value>
                <![CDATA[edge]]>
              </value>
            </param>
            <param index="1">
              <value>
                <![CDATA[F:\\SELENIUM\\Drivers\msedgedriver.exe]]>
              </value>
            </param>
          </params>
          <reporter-output>
          </reporter-output>
        </test-method> <!-- setup -->
        <test-method signature="HomePageTest(java.lang.String,java.lang.String,java.lang.String)[pri:1, instance:com.example.EcommerceAutomationTest@3c77d488]" started-at="2023-08-01T12:01:11 IST" name="HomePageTest" finished-at="2023-08-01T12:01:13 IST" duration-ms="2891" status="PASS">
          <params>
            <param index="0">
              <value>
                <![CDATA[https://www.flipkart.com]]>
              </value>
            </param>
            <param index="1">
              <value>
                <![CDATA[edge]]>
              </value>
            </param>
            <param index="2">
              <value>
                <![CDATA[E:\\STS_WORKSPACE\\Automating-Ecommerce-Website\\screenshots\\]]>
              </value>
            </param>
          </params>
          <reporter-output>
            <line>
              <![CDATA[Page load time: 2073 milliseconds]]>
            </line>
            <line>
              <![CDATA[Reached Flipkart Home page with edge driver]]>
            </line>
            <line>
              <![CDATA[Home title matched]]>
            </line>
            <line>
              <![CDATA[Pop-up has appeared, and it has been closed]]>
            </line>
          </reporter-output>
        </test-method> <!-- HomePageTest -->
        <test-method signature="MobileSearchTest(java.lang.String,java.lang.String)[pri:2, instance:com.example.EcommerceAutomationTest@3c77d488]" started-at="2023-08-01T12:01:13 IST" name="MobileSearchTest" finished-at="2023-08-01T12:01:15 IST" duration-ms="1312" status="PASS">
          <params>
            <param index="0">
              <value>
                <![CDATA[edge]]>
              </value>
            </param>
            <param index="1">
              <value>
                <![CDATA[E:\\STS_WORKSPACE\\Automating-Ecommerce-Website\\screenshots\\]]>
              </value>
            </param>
          </params>
          <reporter-output>
            <line>
              <![CDATA[Clicking on Mobiles link]]>
            </line>
            <line>
              <![CDATA[Reached mobiles Page]]>
            </line>
            <line>
              <![CDATA[Sending Keys "iPhone 13"]]>
            </line>
            <line>
              <![CDATA[Clicking on search option]]>
            </line>
          </reporter-output>
        </test-method> <!-- MobileSearchTest -->
        <test-method signature="ScrollFeatureTest(java.lang.String,java.lang.String)[pri:3, instance:com.example.EcommerceAutomationTest@3c77d488]" started-at="2023-08-01T12:01:15 IST" name="ScrollFeatureTest" finished-at="2023-08-01T12:01:19 IST" duration-ms="4367" status="PASS">
          <params>
            <param index="0">
              <value>
                <![CDATA[edge]]>
              </value>
            </param>
            <param index="1">
              <value>
                <![CDATA[E:\\STS_WORKSPACE\\Automating-Ecommerce-Website\\screenshots\\]]>
              </value>
            </param>
          </params>
          <reporter-output>
            <line>
              <![CDATA[Reached iPhone 13 Page]]>
            </line>
            <line>
              <![CDATA[Testing scroll feature]]>
            </line>
            <line>
              <![CDATA[Successfully navigated to the bottom of the page.]]>
            </line>
          </reporter-output>
        </test-method> <!-- ScrollFeatureTest -->
        <test-method signature="ImageVisibilityTest(java.lang.String,java.lang.String)[pri:4, instance:com.example.EcommerceAutomationTest@3c77d488]" started-at="2023-08-01T12:01:19 IST" name="ImageVisibilityTest" finished-at="2023-08-01T12:01:22 IST" duration-ms="2862" status="PASS">
          <params>
            <param index="0">
              <value>
                <![CDATA[edge]]>
              </value>
            </param>
            <param index="1">
              <value>
                <![CDATA[E:\\STS_WORKSPACE\\Automating-Ecommerce-Website\\screenshots\\]]>
              </value>
            </param>
          </params>
          <reporter-output>
            <line>
              <![CDATA[Checking image visibility...]]>
            </line>
            <line>
              <![CDATA[Verify the frequency of content refresh while scrolling]]>
            </line>
            <line>
              <![CDATA[Executing the JavaScript code...]]>
            </line>
            <line>
              <![CDATA[Checking if images are visible on the screen...]]>
            </line>
            <line>
              <![CDATA[Verifying that the image is downloaded just before the user scrolls to its
position and gets displayed in time...]]>
            </line>
            <line>
              <![CDATA[Time taken to display image: 17 milliseconds.]]>
            </line>
            <line>
              <![CDATA[Image is visible within the screen height.]]>
            </line>
            <line>
              <![CDATA[Time taken to load image: 11 milliseconds.]]>
            </line>
            <line>
              <![CDATA[Image is not visible within the screen height.]]>
            </line>
            <line>
              <![CDATA[Time taken to load image: 12 milliseconds.]]>
            </line>
            <line>
              <![CDATA[Image is not visible within the screen height.]]>
            </line>
            <line>
              <![CDATA[Time taken to load image: 13 milliseconds.]]>
            </line>
            <line>
              <![CDATA[Image is not visible within the screen height.]]>
            </line>
            <line>
              <![CDATA[Time taken to load image: 11 milliseconds.]]>
            </line>
            <line>
              <![CDATA[Image is not visible within the screen height.]]>
            </line>
            <line>
              <![CDATA[Time taken to load image: 12 milliseconds.]]>
            </line>
            <line>
              <![CDATA[Image is not visible within the screen height.]]>
            </line>
            <line>
              <![CDATA[Time taken to load image: 13 milliseconds.]]>
            </line>
            <line>
              <![CDATA[Image is not visible within the screen height.]]>
            </line>
            <line>
              <![CDATA[Time taken to load image: 10 milliseconds.]]>
            </line>
            <line>
              <![CDATA[Image is not visible within the screen height.]]>
            </line>
            <line>
              <![CDATA[Time taken to load image: 15 milliseconds.]]>
            </line>
            <line>
              <![CDATA[Image is not visible within the screen height.]]>
            </line>
            <line>
              <![CDATA[Time taken to load image: 11 milliseconds.]]>
            </line>
            <line>
              <![CDATA[Image is not visible within the screen height.]]>
            </line>
            <line>
              <![CDATA[Time taken to load image: 9 milliseconds.]]>
            </line>
            <line>
              <![CDATA[Image is not visible within the screen height.]]>
            </line>
            <line>
              <![CDATA[Time taken to load image: 13 milliseconds.]]>
            </line>
            <line>
              <![CDATA[Image is not visible within the screen height.]]>
            </line>
            <line>
              <![CDATA[Time taken to load image: 13 milliseconds.]]>
            </line>
            <line>
              <![CDATA[Image is not visible within the screen height.]]>
            </line>
            <line>
              <![CDATA[Time taken to load image: 10 milliseconds.]]>
            </line>
            <line>
              <![CDATA[Image is not visible within the screen height.]]>
            </line>
            <line>
              <![CDATA[Time taken to load image: 10 milliseconds.]]>
            </line>
            <line>
              <![CDATA[Image is not visible within the screen height.]]>
            </line>
            <line>
              <![CDATA[Time taken to load image: 10 milliseconds.]]>
            </line>
            <line>
              <![CDATA[Image is not visible within the screen height.]]>
            </line>
            <line>
              <![CDATA[Time taken to load image: 12 milliseconds.]]>
            </line>
            <line>
              <![CDATA[Image is not visible within the screen height.]]>
            </line>
            <line>
              <![CDATA[Time taken to load image: 11 milliseconds.]]>
            </line>
            <line>
              <![CDATA[Image is not visible within the screen height.]]>
            </line>
            <line>
              <![CDATA[Time taken to load image: 10 milliseconds.]]>
            </line>
            <line>
              <![CDATA[Image is not visible within the screen height.]]>
            </line>
            <line>
              <![CDATA[Time taken to load image: 11 milliseconds.]]>
            </line>
            <line>
              <![CDATA[Image is not visible within the screen height.]]>
            </line>
            <line>
              <![CDATA[Time taken to load image: 10 milliseconds.]]>
            </line>
            <line>
              <![CDATA[Image is not visible within the screen height.]]>
            </line>
            <line>
              <![CDATA[Time taken to load image: 12 milliseconds.]]>
            </line>
            <line>
              <![CDATA[Image is not visible within the screen height.]]>
            </line>
            <line>
              <![CDATA[Time taken to load image: 10 milliseconds.]]>
            </line>
            <line>
              <![CDATA[Image is not visible within the screen height.]]>
            </line>
            <line>
              <![CDATA[Time taken to load image: 10 milliseconds.]]>
            </line>
            <line>
              <![CDATA[Image is not visible within the screen height.]]>
            </line>
            <line>
              <![CDATA[Time taken to load image: 10 milliseconds.]]>
            </line>
            <line>
              <![CDATA[Image is not visible within the screen height.]]>
            </line>
            <line>
              <![CDATA[Time taken to load image: 10 milliseconds.]]>
            </line>
            <line>
              <![CDATA[Image is not visible within the screen height.]]>
            </line>
            <line>
              <![CDATA[Time taken to load image: 11 milliseconds.]]>
            </line>
            <line>
              <![CDATA[Image is not visible within the screen height.]]>
            </line>
          </reporter-output>
        </test-method> <!-- ImageVisibilityTest -->
        <test-method is-config="true" signature="tearDown()[pri:0, instance:com.example.EcommerceAutomationTest@3c77d488]" started-at="2023-08-01T12:01:22 IST" name="tearDown" finished-at="2023-08-01T12:01:22 IST" duration-ms="323" status="PASS">
          <reporter-output>
          </reporter-output>
        </test-method> <!-- tearDown -->
      </class> <!-- com.example.EcommerceAutomationTest -->
    </test> <!-- Testing on Edge Browser -->
    <test started-at="2023-08-01T12:01:22 IST" name="Testing on Firefox Browser" finished-at="2023-08-01T12:01:49 IST" duration-ms="27094">
      <class name="com.example.EcommerceAutomationTest">
        <test-method is-config="true" signature="setup(java.lang.String,java.lang.String)[pri:0, instance:com.example.EcommerceAutomationTest@4145bad8]" started-at="2023-08-01T12:01:22 IST" name="setup" finished-at="2023-08-01T12:01:26 IST" duration-ms="3771" status="PASS">
          <params>
            <param index="0">
              <value>
                <![CDATA[gecko]]>
              </value>
            </param>
            <param index="1">
              <value>
                <![CDATA[F:\\SELENIUM\\Drivers\geckodriver.exe]]>
              </value>
            </param>
          </params>
          <reporter-output>
          </reporter-output>
        </test-method> <!-- setup -->
        <test-method signature="HomePageTest(java.lang.String,java.lang.String,java.lang.String)[pri:1, instance:com.example.EcommerceAutomationTest@4145bad8]" started-at="2023-08-01T12:01:26 IST" name="HomePageTest" finished-at="2023-08-01T12:01:39 IST" duration-ms="13265" status="PASS">
          <params>
            <param index="0">
              <value>
                <![CDATA[https://www.flipkart.com]]>
              </value>
            </param>
            <param index="1">
              <value>
                <![CDATA[gecko]]>
              </value>
            </param>
            <param index="2">
              <value>
                <![CDATA[E:\\STS_WORKSPACE\\Automating-Ecommerce-Website\\screenshots\\]]>
              </value>
            </param>
          </params>
          <reporter-output>
            <line>
              <![CDATA[Page load time: 2546 milliseconds]]>
            </line>
            <line>
              <![CDATA[Reached Flipkart Home page with gecko driver]]>
            </line>
            <line>
              <![CDATA[Home title matched]]>
            </line>
            <line>
              <![CDATA[Pop-up has not appeared.]]>
            </line>
          </reporter-output>
        </test-method> <!-- HomePageTest -->
        <test-method signature="MobileSearchTest(java.lang.String,java.lang.String)[pri:2, instance:com.example.EcommerceAutomationTest@4145bad8]" started-at="2023-08-01T12:01:39 IST" name="MobileSearchTest" finished-at="2023-08-01T12:01:42 IST" duration-ms="2407" status="PASS">
          <params>
            <param index="0">
              <value>
                <![CDATA[gecko]]>
              </value>
            </param>
            <param index="1">
              <value>
                <![CDATA[E:\\STS_WORKSPACE\\Automating-Ecommerce-Website\\screenshots\\]]>
              </value>
            </param>
          </params>
          <reporter-output>
            <line>
              <![CDATA[Clicking on Mobiles link]]>
            </line>
            <line>
              <![CDATA[Reached mobiles Page]]>
            </line>
            <line>
              <![CDATA[Sending Keys "iPhone 13"]]>
            </line>
            <line>
              <![CDATA[Clicking on search option]]>
            </line>
          </reporter-output>
        </test-method> <!-- MobileSearchTest -->
        <test-method signature="ScrollFeatureTest(java.lang.String,java.lang.String)[pri:3, instance:com.example.EcommerceAutomationTest@4145bad8]" started-at="2023-08-01T12:01:42 IST" name="ScrollFeatureTest" finished-at="2023-08-01T12:01:46 IST" duration-ms="4150" status="PASS">
          <params>
            <param index="0">
              <value>
                <![CDATA[gecko]]>
              </value>
            </param>
            <param index="1">
              <value>
                <![CDATA[E:\\STS_WORKSPACE\\Automating-Ecommerce-Website\\screenshots\\]]>
              </value>
            </param>
          </params>
          <reporter-output>
            <line>
              <![CDATA[Reached iPhone 13 Page]]>
            </line>
            <line>
              <![CDATA[Testing scroll feature]]>
            </line>
            <line>
              <![CDATA[Successfully navigated to the bottom of the page.]]>
            </line>
          </reporter-output>
        </test-method> <!-- ScrollFeatureTest -->
        <test-method signature="ImageVisibilityTest(java.lang.String,java.lang.String)[pri:4, instance:com.example.EcommerceAutomationTest@4145bad8]" started-at="2023-08-01T12:01:46 IST" name="ImageVisibilityTest" finished-at="2023-08-01T12:01:48 IST" duration-ms="2402" status="PASS">
          <params>
            <param index="0">
              <value>
                <![CDATA[gecko]]>
              </value>
            </param>
            <param index="1">
              <value>
                <![CDATA[E:\\STS_WORKSPACE\\Automating-Ecommerce-Website\\screenshots\\]]>
              </value>
            </param>
          </params>
          <reporter-output>
            <line>
              <![CDATA[Checking image visibility...]]>
            </line>
            <line>
              <![CDATA[Verify the frequency of content refresh while scrolling]]>
            </line>
            <line>
              <![CDATA[Executing the JavaScript code...]]>
            </line>
            <line>
              <![CDATA[Checking if images are visible on the screen...]]>
            </line>
            <line>
              <![CDATA[Verifying that the image is downloaded just before the user scrolls to its
position and gets displayed in time...]]>
            </line>
            <line>
              <![CDATA[Time taken to display image: 4 milliseconds.]]>
            </line>
            <line>
              <![CDATA[Image is visible within the screen height.]]>
            </line>
            <line>
              <![CDATA[Time taken to display image: 6 milliseconds.]]>
            </line>
            <line>
              <![CDATA[Image is visible within the screen height.]]>
            </line>
            <line>
              <![CDATA[Time taken to load image: 3 milliseconds.]]>
            </line>
            <line>
              <![CDATA[Image is not visible within the screen height.]]>
            </line>
            <line>
              <![CDATA[Time taken to load image: 4 milliseconds.]]>
            </line>
            <line>
              <![CDATA[Image is not visible within the screen height.]]>
            </line>
            <line>
              <![CDATA[Time taken to load image: 5 milliseconds.]]>
            </line>
            <line>
              <![CDATA[Image is not visible within the screen height.]]>
            </line>
            <line>
              <![CDATA[Time taken to load image: 3 milliseconds.]]>
            </line>
            <line>
              <![CDATA[Image is not visible within the screen height.]]>
            </line>
            <line>
              <![CDATA[Time taken to load image: 3 milliseconds.]]>
            </line>
            <line>
              <![CDATA[Image is not visible within the screen height.]]>
            </line>
            <line>
              <![CDATA[Time taken to load image: 6 milliseconds.]]>
            </line>
            <line>
              <![CDATA[Image is not visible within the screen height.]]>
            </line>
            <line>
              <![CDATA[Time taken to load image: 3 milliseconds.]]>
            </line>
            <line>
              <![CDATA[Image is not visible within the screen height.]]>
            </line>
            <line>
              <![CDATA[Time taken to load image: 3 milliseconds.]]>
            </line>
            <line>
              <![CDATA[Image is not visible within the screen height.]]>
            </line>
            <line>
              <![CDATA[Time taken to load image: 5 milliseconds.]]>
            </line>
            <line>
              <![CDATA[Image is not visible within the screen height.]]>
            </line>
            <line>
              <![CDATA[Time taken to load image: 3 milliseconds.]]>
            </line>
            <line>
              <![CDATA[Image is not visible within the screen height.]]>
            </line>
            <line>
              <![CDATA[Time taken to load image: 5 milliseconds.]]>
            </line>
            <line>
              <![CDATA[Image is not visible within the screen height.]]>
            </line>
            <line>
              <![CDATA[Time taken to load image: 3 milliseconds.]]>
            </line>
            <line>
              <![CDATA[Image is not visible within the screen height.]]>
            </line>
            <line>
              <![CDATA[Time taken to load image: 3 milliseconds.]]>
            </line>
            <line>
              <![CDATA[Image is not visible within the screen height.]]>
            </line>
            <line>
              <![CDATA[Time taken to load image: 5 milliseconds.]]>
            </line>
            <line>
              <![CDATA[Image is not visible within the screen height.]]>
            </line>
            <line>
              <![CDATA[Time taken to load image: 3 milliseconds.]]>
            </line>
            <line>
              <![CDATA[Image is not visible within the screen height.]]>
            </line>
            <line>
              <![CDATA[Time taken to load image: 3 milliseconds.]]>
            </line>
            <line>
              <![CDATA[Image is not visible within the screen height.]]>
            </line>
            <line>
              <![CDATA[Time taken to load image: 4 milliseconds.]]>
            </line>
            <line>
              <![CDATA[Image is not visible within the screen height.]]>
            </line>
            <line>
              <![CDATA[Time taken to load image: 4 milliseconds.]]>
            </line>
            <line>
              <![CDATA[Image is not visible within the screen height.]]>
            </line>
            <line>
              <![CDATA[Time taken to load image: 3 milliseconds.]]>
            </line>
            <line>
              <![CDATA[Image is not visible within the screen height.]]>
            </line>
            <line>
              <![CDATA[Time taken to load image: 2 milliseconds.]]>
            </line>
            <line>
              <![CDATA[Image is not visible within the screen height.]]>
            </line>
            <line>
              <![CDATA[Time taken to load image: 2 milliseconds.]]>
            </line>
            <line>
              <![CDATA[Image is not visible within the screen height.]]>
            </line>
            <line>
              <![CDATA[Time taken to load image: 2 milliseconds.]]>
            </line>
            <line>
              <![CDATA[Image is not visible within the screen height.]]>
            </line>
          </reporter-output>
        </test-method> <!-- ImageVisibilityTest -->
        <test-method is-config="true" signature="tearDown()[pri:0, instance:com.example.EcommerceAutomationTest@4145bad8]" started-at="2023-08-01T12:01:48 IST" name="tearDown" finished-at="2023-08-01T12:01:49 IST" duration-ms="1089" status="PASS">
          <reporter-output>
          </reporter-output>
        </test-method> <!-- tearDown -->
      </class> <!-- com.example.EcommerceAutomationTest -->
    </test> <!-- Testing on Firefox Browser -->
  </suite> <!-- Automating-Ecommerce-Website -->
</testng-results>
