<?xml version="1.0" encoding="UTF-8"?>
<!-- Generated by org.testng.reporters.JUnitXMLReporter -->
<testsuite ignored="0" hostname="DESKTOP-LB2G77M" failures="0" tests="4" name="Testing on Edge Browser" time="14.491" errors="0" timestamp="2023-08-01T12:01:22 IST">
  <testcase classname="com.example.EcommerceAutomationTest" name="HomePageTest" time="2.891"/>
  <testcase classname="com.example.EcommerceAutomationTest" name="MobileSearchTest" time="1.312"/>
  <testcase classname="com.example.EcommerceAutomationTest" name="ScrollFeatureTest" time="4.367"/>
  <testcase classname="com.example.EcommerceAutomationTest" name="ImageVisibilityTest" time="2.862"/>
</testsuite> <!-- Testing on Edge Browser -->
