<?xml version="1.0" encoding="UTF-8"?>
<!-- Generated by org.testng.reporters.JUnitXMLReporter -->
<testsuite ignored="0" hostname="DESKTOP-LB2G77M" failures="0" tests="4" name="Testing on Firefox Browser" time="27.094" errors="0" timestamp="2023-08-01T12:01:49 IST">
  <testcase classname="com.example.EcommerceAutomationTest" name="HomePageTest" time="13.265"/>
  <testcase classname="com.example.EcommerceAutomationTest" name="MobileSearchTest" time="2.407"/>
  <testcase classname="com.example.EcommerceAutomationTest" name="ScrollFeatureTest" time="4.15"/>
  <testcase classname="com.example.EcommerceAutomationTest" name="ImageVisibilityTest" time="2.402"/>
</testsuite> <!-- Testing on Firefox Browser -->
