<?xml version="1.0" encoding="UTF-8"?>
<!-- Generated by org.testng.reporters.JUnitXMLReporter -->
<testsuite ignored="0" hostname="DESKTOP-LB2G77M" failures="0" tests="4" name="Testing on Chrome Browser" time="14.771" errors="0" timestamp="2023-08-01T12:01:08 IST">
  <testcase classname="com.example.EcommerceAutomationTest" name="HomePageTest" time="3.665"/>
  <testcase classname="com.example.EcommerceAutomationTest" name="MobileSearchTest" time="0.88"/>
  <testcase classname="com.example.EcommerceAutomationTest" name="ScrollFeatureTest" time="4.333"/>
  <testcase classname="com.example.EcommerceAutomationTest" name="ImageVisibilityTest" time="3.011"/>
</testsuite> <!-- Testing on Chrome Browser -->
